\BOOKMARK [1][-]{section.1}{INTRODUCTION}{}% 1
\BOOKMARK [2][-]{subsection.1.1}{DOCUMENT OVERVIEW}{section.1}% 2
\BOOKMARK [2][-]{subsection.1.2}{ASSUMPTIONS}{section.1}% 3
\BOOKMARK [1][-]{section.2}{SYSTEM AND SOFTWARE ARCHITECTURE}{}% 4
\BOOKMARK [2][-]{subsection.2.1}{CLIENT}{section.2}% 5
\BOOKMARK [2][-]{subsection.2.2}{SERVER}{section.2}% 6
\BOOKMARK [2][-]{subsection.2.3}{LOGIN INTERFACE}{section.2}% 7
\BOOKMARK [2][-]{subsection.2.4}{SESSION INTERFACE}{section.2}% 8
\BOOKMARK [2][-]{subsection.2.5}{BUDDY LIST}{section.2}% 9
\BOOKMARK [2][-]{subsection.2.6}{CLIENT ACCOUNT DATABASE}{section.2}% 10
\BOOKMARK [1][-]{section.3}{THREAT MODEL}{}% 11
\BOOKMARK [2][-]{subsection.3.1}{ASSETS}{section.3}% 12
\BOOKMARK [2][-]{subsection.3.2}{ATTACKS CONSIDERED}{section.3}% 13
\BOOKMARK [2][-]{subsection.3.3}{SECURITY FEATURES}{section.3}% 14
\BOOKMARK [1][-]{section.4}{PROTOCOL DESIGN}{}% 15
\BOOKMARK [2][-]{subsection.4.1}{CLIENT-SERVER / LOGGING IN}{section.4}% 16
\BOOKMARK [2][-]{subsection.4.2}{RETREIVING BUDDY LISTS}{section.4}% 17
\BOOKMARK [2][-]{subsection.4.3}{CLIENT-CLIENT SESSION ESTABLISHMENT}{section.4}% 18
\BOOKMARK [2][-]{subsection.4.4}{MUTUAL AUTHENTICATION}{section.4}% 19
\BOOKMARK [2][-]{subsection.4.5}{DERIVING ENCRYPTION/AUTHENTICATION KEYS}{section.4}% 20
